mode: set
github.com/bootcamp-go/desafio-cierre-testing/internal/products/handler.go:11.37,15.2 1 0
github.com/bootcamp-go/desafio-cierre-testing/internal/products/handler.go:17.49,19.20 2 0
github.com/bootcamp-go/desafio-cierre-testing/internal/products/handler.go:19.20,22.3 2 0
github.com/bootcamp-go/desafio-cierre-testing/internal/products/handler.go:23.2,24.16 2 0
github.com/bootcamp-go/desafio-cierre-testing/internal/products/handler.go:24.16,27.3 2 0
github.com/bootcamp-go/desafio-cierre-testing/internal/products/handler.go:28.2,28.25 1 0
github.com/bootcamp-go/desafio-cierre-testing/internal/products/mock_repository.go:6.56,8.2 1 1
github.com/bootcamp-go/desafio-cierre-testing/internal/products/mock_repository.go:15.85,24.2 4 1
github.com/bootcamp-go/desafio-cierre-testing/internal/products/repository.go:16.33,18.2 1 0
github.com/bootcamp-go/desafio-cierre-testing/internal/products/repository.go:20.73,30.35 4 0
github.com/bootcamp-go/desafio-cierre-testing/internal/products/repository.go:30.35,31.35 1 0
github.com/bootcamp-go/desafio-cierre-testing/internal/products/repository.go:31.35,33.4 1 0
github.com/bootcamp-go/desafio-cierre-testing/internal/products/repository.go:35.2,35.25 1 0
github.com/bootcamp-go/desafio-cierre-testing/internal/products/repository.go:35.25,37.3 1 0
github.com/bootcamp-go/desafio-cierre-testing/internal/products/repository.go:38.2,38.26 1 0
github.com/bootcamp-go/desafio-cierre-testing/internal/products/service.go:21.42,25.2 1 1
github.com/bootcamp-go/desafio-cierre-testing/internal/products/service.go:27.70,29.16 2 1
github.com/bootcamp-go/desafio-cierre-testing/internal/products/service.go:29.16,32.3 2 1
github.com/bootcamp-go/desafio-cierre-testing/internal/products/service.go:33.2,33.18 1 1
